4:59 Павленко Артем(ЮФО) red score_: 1 (+1)
4:59 Добронравов Марк(ЯЛТА) blue score_: 0 ()
4:58 Павленко Артем(ЮФО) red score_: 3 (+2)
4:58 Добронравов Марк(ЯЛТА) blue score_: 0 ()
4:58 Павленко Артем(ЮФО) red score_: 6 (+3)
4:58 Добронравов Марк(ЯЛТА) blue score_: 0 ()
4:57 Павленко Артем(ЮФО) red score_: 10 (+4)
4:57 Добронравов Марк(ЯЛТА) blue score_: 0 ()
4:57 Павленко Артем(ЮФО) red score_: 14 (+4)
4:57 Добронравов Марк(ЯЛТА) blue score_: 0 ()
4:55 Павленко Артем(ЮФО) red score_: 14 ()
4:55 Добронравов Марк(ЯЛТА) blue score_: 0 (dis1)
4:53 Павленко Артем(ЮФО) red score_: 14 ()
4:53 Добронравов Марк(ЯЛТА) blue score_: 0 (Adantec 1)
4:53 Павленко Артем(ЮФО) red score_: 14 ()
4:53 Добронравов Марк(ЯЛТА) blue score_: 0 (Adantec 2)
4:52 Павленко Артем(ЮФО) red score_: 14 ()
4:52 Добронравов Марк(ЯЛТА) blue score_: 0 (Adantec 3)
4:50 Павленко Артем(ЮФО) red score_: 14 ()
4:50 Добронравов Марк(ЯЛТА) blue score_: 0 (dis2)
4:45 Павленко Артем(ЮФО) red score_: 14 (Добронравов Марк(ЯЛТА)blue winner)
4:45 Добронравов Марк(ЯЛТА) blue score_: 0 ()
4:56 Воронов Артем(ЯЛТА) red score_: 2 (+2)
4:56 Даниленков Давид(ГАСП) blue score_: 0 ()
4:55 Воронов Артем(ЯЛТА) red score_: 5 (+3)
4:55 Даниленков Давид(ГАСП) blue score_: 0 ()
4:55 Воронов Артем(ЯЛТА) red score_: 9 (+4)
4:55 Даниленков Давид(ГАСП) blue score_: 0 ()
4:52 Воронов Артем(ЯЛТА) red score_: 13 (+4)
4:52 Даниленков Давид(ГАСП) blue score_: 0 ()
4:49 Воронов Артем(ЯЛТА) red score_: 13 ()
4:49 Даниленков Давид(ГАСП) blue score_: 0 (dis1)
4:47 Воронов Артем(ЯЛТА) red score_: 13 ()
4:47 Даниленков Давид(ГАСП) blue score_: 0 (dis1)
4:46 Воронов Артем(ЯЛТА) red score_: 13 ()
4:46 Даниленков Давид(ГАСП) blue score_: 0 (dis2)
4:44 Воронов Артем(ЯЛТА) red score_: 13 (Adantec 1)
4:44 Даниленков Давид(ГАСП) blue score_: 0 ()
4:43 Воронов Артем(ЯЛТА) red score_: 13 (Adantec 2)
4:43 Даниленков Давид(ГАСП) blue score_: 0 ()
4:42 Воронов Артем(ЯЛТА) red score_: 13 (Adantec 3)
4:42 Даниленков Давид(ГАСП) blue score_: 0 ()
4:36 Воронов Артем(ЯЛТА) red score_: 13 (Даниленков Давид(ГАСП)blue winner)
4:36 Даниленков Давид(ГАСП) blue score_: 0 ()
