4:59 Ермолаев Владислав(ФЕОД) red score_: 2 (+2)
4:59 Бобылев Тимофей(АЛШ) blue score_: 0 ()
4:59 Ермолаев Владислав(ФЕОД) red score_: 5 (+3)
4:59 Бобылев Тимофей(АЛШ) blue score_: 0 ()
4:57 Ермолаев Владислав(ФЕОД) red score_: 8 (+3)
4:57 Бобылев Тимофей(АЛШ) blue score_: 0 ()
4:55 Ермолаев Владислав(ФЕОД) red score_: 8 ()
4:55 Бобылев Тимофей(АЛШ) blue score_: 0 (dis1)
4:54 Ермолаев Владислав(ФЕОД) red score_: 8 ()
4:54 Бобылев Тимофей(АЛШ) blue score_: 0 (Adantec 1)
4:52 Ермолаев Владислав(ФЕОД) red score_: 8 ()
4:52 Бобылев Тимофей(АЛШ) blue score_: 0 (Adantec 2)
4:51 Ермолаев Владислав(ФЕОД) red score_: 8 ()
4:51 Бобылев Тимофей(АЛШ) blue score_: 0 (Adantec 3)
4:50 Ермолаев Владислав(ФЕОД) red score_: 8 ()
4:50 Бобылев Тимофей(АЛШ) blue score_: 0 (Adantec 4)
4:49 Ермолаев Владислав(ФЕОД) red score_: 8 (Adantec 1)
4:49 Бобылев Тимофей(АЛШ) blue score_: 0 ()
4:48 Ермолаев Владислав(ФЕОД) red score_: 8 (Adantec 2)
4:48 Бобылев Тимофей(АЛШ) blue score_: 0 ()
4:47 Ермолаев Владислав(ФЕОД) red score_: 8 (Adantec 3)
4:47 Бобылев Тимофей(АЛШ) blue score_: 0 ()
4:47 Ермолаев Владислав(ФЕОД) red score_: 8 (Adantec 4)
4:47 Бобылев Тимофей(АЛШ) blue score_: 0 ()
4:46 Ермолаев Владислав(ФЕОД) red score_: 8 ()
4:46 Бобылев Тимофей(АЛШ) blue score_: 0 (Adantec 5)
4:45 Ермолаев Владислав(ФЕОД) red score_: 8 ()
4:45 Бобылев Тимофей(АЛШ) blue score_: 0 (Adantec 6)
4:43 Ермолаев Владислав(ФЕОД) red score_: 8 ()
4:43 Бобылев Тимофей(АЛШ) blue score_: 0 (Adantec 7)
4:42 Ермолаев Владислав(ФЕОД) red score_: 8 ()
4:42 Бобылев Тимофей(АЛШ) blue score_: 0 (Adantec 8)
4:41 Ермолаев Владислав(ФЕОД) red score_: 8 (Adantec 5)
4:41 Бобылев Тимофей(АЛШ) blue score_: 0 ()
4:40 Ермолаев Владислав(ФЕОД) red score_: 8 (Adantec 6)
4:40 Бобылев Тимофей(АЛШ) blue score_: 0 ()
4:38 Ермолаев Владислав(ФЕОД) red score_: 8 ()
4:38 Бобылев Тимофей(АЛШ) blue score_: 0 (Adantec 9)
4:27 Ермолаев Владислав(ФЕОД) red score_: 8 (Бобылев Тимофей(АЛШ)blue winner)
4:27 Бобылев Тимофей(АЛШ) blue score_: 0 ()
