4:55 Сидорович Александр(ГАСП) red score_: 4 (+4)
4:55 Межмидинов эмин(АЛШ) blue score_: 0 ()
4:55 Сидорович Александр(ГАСП) red score_: 8 (+4)
4:55 Межмидинов эмин(АЛШ) blue score_: 0 ()
4:53 Сидорович Александр(ГАСП) red score_: 12 (+4)
4:53 Межмидинов эмин(АЛШ) blue score_: 0 ()
4:51 Сидорович Александр(ГАСП) red score_: 12 ()
4:51 Межмидинов эмин(АЛШ) blue score_: 0 (dis1)
4:50 Сидорович Александр(ГАСП) red score_: 12 ()
4:50 Межмидинов эмин(АЛШ) blue score_: 0 (dis2)
4:49 Сидорович Александр(ГАСП) red score_: 12 (Adantec 1)
4:49 Межмидинов эмин(АЛШ) blue score_: 0 ()
4:49 Сидорович Александр(ГАСП) red score_: 12 (Adantec 2)
4:49 Межмидинов эмин(АЛШ) blue score_: 0 ()
4:42 Сидорович Александр(ГАСП) red score_: 12 (Сидорович Александр(ГАСП)red winner)
4:42 Межмидинов эмин(АЛШ) blue score_: 0 ()
4:50 Войчак Давид(АЛШ) red score_: 0 ()
4:50 Татринов Мирон(ЯЛТА) blue score_: 2 (+2)
4:50 Войчак Давид(АЛШ) red score_: 0 ()
4:50 Татринов Мирон(ЯЛТА) blue score_: 5 (+3)
4:49 Войчак Давид(АЛШ) red score_: 0 ()
4:49 Татринов Мирон(ЯЛТА) blue score_: 9 (+4)
4:48 Войчак Давид(АЛШ) red score_: 0 ()
4:48 Татринов Мирон(ЯЛТА) blue score_: 13 (+4)
4:48 Войчак Давид(АЛШ) red score_: 0 ()
4:48 Татринов Мирон(ЯЛТА) blue score_: 17 (+4)
4:46 Войчак Давид(АЛШ) red score_: 0 ()
4:46 Татринов Мирон(ЯЛТА) blue score_: 17 (Adantec 1)
4:45 Войчак Давид(АЛШ) red score_: 0 (dis1)
4:45 Татринов Мирон(ЯЛТА) blue score_: 17 ()
4:44 Войчак Давид(АЛШ) red score_: 0 (dis2)
4:44 Татринов Мирон(ЯЛТА) blue score_: 17 ()
4:39 Войчак Давид(АЛШ) red score_: 0 ()
4:39 Татринов Мирон(ЯЛТА) blue score_: 17 (Татринов Мирон(ЯЛТА)blue winner)
