Абдишев Айдер(ЮФО) r score_: 2 (+2) t_:2:29
Усенков Иван(СИМФ) b score_: 0 () t_:2:29
Абдишев Айдер(ЮФО) r score_: 5 (+3) t_:2:28
Усенков Иван(СИМФ) b score_: 0 () t_:2:28
Абдишев Айдер(ЮФО) r score_: 9 (+4) t_:2:27
Усенков Иван(СИМФ) b score_: 0 () t_:2:27
Абдишев Айдер(ЮФО) r score_: 8 (-1) t_:2:26
Усенков Иван(СИМФ) b score_: 0 () t_:2:26
Абдишев Айдер(ЮФО) r score_: 8 (Adantec 1) t_:2:23
Усенков Иван(СИМФ) b score_: 0 () t_:2:23
Абдишев Айдер(ЮФО) r score_: 8 (Adantec 2) t_:2:22
Усенков Иван(СИМФ) b score_: 0 () t_:2:22
Абдишев Айдер(ЮФО) r score_: 8 () t_:2:16
Усенков Иван(СИМФ) b score_: 1 (+1) t_:2:16
Абдишев Айдер(ЮФО) r score_: 11 (+3) t_:2:14
Усенков Иван(СИМФ) b score_: 1 () t_:2:14
Абдишев Айдер(ЮФО) r score_: 11 () t_:2:6
Усенков Иван(СИМФ) b score_: 2 (+1) t_:2:6
Абдишев Айдер(ЮФО) r score_: 13 (+2) t_:2:4
Усенков Иван(СИМФ) b score_: 2 () t_:2:4
Абдишев Айдер(ЮФО) r score_: 13 () t_:2:2
Усенков Иван(СИМФ) b score_: 2 (dis1) t_:2:2
Абдишев Айдер(ЮФО) r score_: 13 (Adantec 3) t_:1:59
Усенков Иван(СИМФ) b score_: 2 () t_:1:59
Абдишев Айдер(ЮФО) r score_: 13 (winner red) t_:0:1
Усенков Иван(СИМФ) b score_: 2 (luser blue ) t_:0:1
Лебедев Марк(ГАСП) r score_: 3 (+3) t_:4:50
Карманов Павел(НИЖН) b score_: 0 () t_:4:50
Лебедев Марк(ГАСП) r score_: 3 (Adantec 1) t_:4:48
Карманов Павел(НИЖН) b score_: 0 () t_:4:48
Лебедев Марк(ГАСП) r score_: 3 () t_:4:44
Карманов Павел(НИЖН) b score_: 0 (dis1) t_:4:44
Лебедев Марк(ГАСП) r score_: 3 () t_:4:42
Карманов Павел(НИЖН) b score_: 0 (dis2) t_:4:42
Лебедев Марк(ГАСП) r score_: 3 (Adantec 2) t_:4:40
Карманов Павел(НИЖН) b score_: 0 () t_:4:40
Лебедев Марк(ГАСП) r score_: 6 (+3) t_:4:39
Карманов Павел(НИЖН) b score_: 0 () t_:4:39
Лебедев Марк(ГАСП) r score_: 9 (+3) t_:4:37
Карманов Павел(НИЖН) b score_: 0 () t_:4:37
Лебедев Марк(ГАСП) r score_: 9 (winner red) t_:0:1
Карманов Павел(НИЖН) b score_: 0 (luser blue ) t_:0:1
